# JRE version: 7.0_05-b05
# Java VM: Java HotSpot(TM) 64-Bit Server VM (23.1-b03 mixed mode linux-amd64 compressed oops)
Heap
 PSYoungGen      total 131648K, used 5264K [0x00000000d7c00000, 0x00000000e04a0000, 0x0000000100000000)
  eden space 123648K, 0% used [0x00000000d7c00000,0x00000000d7c00000,0x00000000df4c0000)
  from space 8000K, 65% used [0x00000000dfcd0000,0x00000000e01f4010,0x00000000e04a0000)
  to   space 8128K, 0% used [0x00000000df4c0000,0x00000000df4c0000,0x00000000dfcb0000)
 ParOldGen       total 82432K, used 5851K [0x0000000087400000, 0x000000008c480000, 0x00000000d7c00000)
  object space 82432K, 7% used [0x0000000087400000,0x00000000879b6fc0,0x000000008c480000)
 PSPermGen       total 21248K, used 15924K [0x0000000082200000, 0x00000000836c0000, 0x0000000087400000)
  object space 21248K, 74% used [0x0000000082200000,0x000000008318d108,0x00000000836c0000)
GC Heap History (10 events):
Event: 2,574 GC heap after
Heap after GC invocations=2 (full 0):
 PSYoungGen      total 36032K, used 5111K [0x00000000d7c00000, 0x00000000da430000, 0x0000000100000000)
  eden space 30912K, 0% used [0x00000000d7c00000,0x00000000d7c00000,0x00000000d9a30000)
  from space 5120K, 99% used [0x00000000d9f30000,0x00000000da42dcf8,0x00000000da430000)
  to   space 5120K, 0% used [0x00000000d9a30000,0x00000000d9a30000,0x00000000d9f30000)
 ParOldGen       total 82432K, used 1335K [0x0000000087400000, 0x000000008c480000, 0x00000000d7c00000)
  object space 82432K, 1% used [0x0000000087400000,0x000000008754de28,0x000000008c480000)
 PSPermGen       total 21248K, used 11921K [0x0000000082200000, 0x00000000836c0000, 0x0000000087400000)
  object space 21248K, 56% used [0x0000000082200000,0x0000000082da4710,0x00000000836c0000)
}
Event: 4,002 GC heap before
{Heap before GC invocations=3 (full 0):
 PSYoungGen      total 36032K, used 36023K [0x00000000d7c00000, 0x00000000da430000, 0x0000000100000000)
  eden space 30912K, 100% used [0x00000000d7c00000,0x00000000d9a30000,0x00000000d9a30000)
  from space 5120K, 99% used [0x00000000d9f30000,0x00000000da42dcf8,0x00000000da430000)
  to   space 5120K, 0% used [0x00000000d9a30000,0x00000000d9a30000,0x00000000d9f30000)
 ParOldGen       total 82432K, used 1335K [0x0000000087400000, 0x000000008c480000, 0x00000000d7c00000)
  object space 82432K, 1% used [0x0000000087400000,0x000000008754de28,0x000000008c480000)
 PSPermGen       total 21248K, used 12629K [0x0000000082200000, 0x00000000836c0000, 0x0000000087400000)
  object space 21248K, 59% used [0x0000000082200000,0x0000000082e555c8,0x00000000836c0000)
Event: 4,019 GC heap after
Heap after GC invocations=3 (full 0):
 PSYoungGen      total 36032K, used 5095K [0x00000000d7c00000, 0x00000000dc260000, 0x0000000100000000)
  eden space 30912K, 0% used [0x00000000d7c00000,0x00000000d7c00000,0x00000000d9a30000)
  from space 5120K, 99% used [0x00000000d9a30000,0x00000000d9f29ce0,0x00000000d9f30000)
  to   space 5120K, 0% used [0x00000000dbd60000,0x00000000dbd60000,0x00000000dc260000)
 ParOldGen       total 82432K, used 1723K [0x0000000087400000, 0x000000008c480000, 0x00000000d7c00000)
  object space 82432K, 2% used [0x0000000087400000,0x00000000875aec20,0x000000008c480000)
 PSPermGen       total 21248K, used 12629K [0x0000000082200000, 0x00000000836c0000, 0x0000000087400000)
  object space 21248K, 59% used [0x0000000082200000,0x0000000082e555c8,0x00000000836c0000)
}
Event: 5,264 GC heap before
{Heap before GC invocations=4 (full 0):
 PSYoungGen      total 36032K, used 36007K [0x00000000d7c00000, 0x00000000dc260000, 0x0000000100000000)
  eden space 30912K, 100% used [0x00000000d7c00000,0x00000000d9a30000,0x00000000d9a30000)
  from space 5120K, 99% used [0x00000000d9a30000,0x00000000d9f29ce0,0x00000000d9f30000)
  to   space 5120K, 0% used [0x00000000dbd60000,0x00000000dbd60000,0x00000000dc260000)
 ParOldGen       total 82432K, used 1723K [0x0000000087400000, 0x000000008c480000, 0x00000000d7c00000)
  object space 82432K, 2% used [0x0000000087400000,0x00000000875aec20,0x000000008c480000)
 PSPermGen       total 21248K, used 13473K [0x0000000082200000, 0x00000000836c0000, 0x0000000087400000)
  object space 21248K, 63% used [0x0000000082200000,0x0000000082f284e0,0x00000000836c0000)
Event: 5,282 GC heap after
Heap after GC invocations=4 (full 0):
 PSYoungGen      total 66944K, used 5104K [0x00000000d7c00000, 0x00000000dc260000, 0x0000000100000000)
  eden space 61824K, 0% used [0x00000000d7c00000,0x00000000d7c00000,0x00000000db860000)
  from space 5120K, 99% used [0x00000000dbd60000,0x00000000dc25c010,0x00000000dc260000)
  to   space 5120K, 0% used [0x00000000db860000,0x00000000db860000,0x00000000dbd60000)
 ParOldGen       total 82432K, used 3586K [0x0000000087400000, 0x000000008c480000, 0x00000000d7c00000)
  object space 82432K, 4% used [0x0000000087400000,0x0000000087780990,0x000000008c480000)
 PSPermGen       total 21248K, used 13473K [0x0000000082200000, 0x00000000836c0000, 0x0000000087400000)
  object space 21248K, 63% used [0x0000000082200000,0x0000000082f284e0,0x00000000836c0000)
}
Event: 6,932 GC heap before
{Heap before GC invocations=5 (full 0):
 PSYoungGen      total 66944K, used 66928K [0x00000000d7c00000, 0x00000000dc260000, 0x0000000100000000)
  eden space 61824K, 100% used [0x00000000d7c00000,0x00000000db860000,0x00000000db860000)
  from space 5120K, 99% used [0x00000000dbd60000,0x00000000dc25c010,0x00000000dc260000)
  to   space 5120K, 0% used [0x00000000db860000,0x00000000db860000,0x00000000dbd60000)
 ParOldGen       total 82432K, used 3586K [0x0000000087400000, 0x000000008c480000, 0x00000000d7c00000)
  object space 82432K, 4% used [0x0000000087400000,0x0000000087780990,0x000000008c480000)
 PSPermGen       total 21248K, used 15405K [0x0000000082200000, 0x00000000836c0000, 0x0000000087400000)
  object space 21248K, 72% used [0x0000000082200000,0x000000008310b458,0x00000000836c0000)
Event: 6,952 GC heap after
Heap after GC invocations=5 (full 0):
 PSYoungGen      total 66944K, used 5104K [0x00000000d7c00000, 0x00000000e04e0000, 0x0000000100000000)
  eden space 61824K, 0% used [0x00000000d7c00000,0x00000000d7c00000,0x00000000db860000)
  from space 5120K, 99% used [0x00000000db860000,0x00000000dbd5c010,0x00000000dbd60000)
  to   space 8256K, 0% used [0x00000000dfcd0000,0x00000000dfcd0000,0x00000000e04e0000)
 ParOldGen       total 82432K, used 5843K [0x0000000087400000, 0x000000008c480000, 0x00000000d7c00000)
  object space 82432K, 7% used [0x0000000087400000,0x00000000879b4fc0,0x000000008c480000)
 PSPermGen       total 21248K, used 15405K [0x0000000082200000, 0x00000000836c0000, 0x0000000087400000)
  object space 21248K, 72% used [0x0000000082200000,0x000000008310b458,0x00000000836c0000)
}
Event: 9,074 GC heap before
{Heap before GC invocations=6 (full 0):
 PSYoungGen      total 66944K, used 63125K [0x00000000d7c00000, 0x00000000e04e0000, 0x0000000100000000)
  eden space 61824K, 93% used [0x00000000d7c00000,0x00000000db4a96a8,0x00000000db860000)
  from space 5120K, 99% used [0x00000000db860000,0x00000000dbd5c010,0x00000000dbd60000)
  to   space 8256K, 0% used [0x00000000dfcd0000,0x00000000dfcd0000,0x00000000e04e0000)
 ParOldGen       total 82432K, used 5843K [0x0000000087400000, 0x000000008c480000, 0x00000000d7c00000)
  object space 82432K, 7% used [0x0000000087400000,0x00000000879b4fc0,0x000000008c480000)
 PSPermGen       total 21248K, used 15924K [0x0000000082200000, 0x00000000836c0000, 0x0000000087400000)
  object space 21248K, 74% used [0x0000000082200000,0x000000008318d108,0x00000000836c0000)
Event: 9,089 GC heap after
Heap after GC invocations=6 (full 0):
 PSYoungGen      total 131648K, used 5264K [0x00000000d7c00000, 0x00000000e04a0000, 0x0000000100000000)
  eden space 123648K, 0% used [0x00000000d7c00000,0x00000000d7c00000,0x00000000df4c0000)
  from space 8000K, 65% used [0x00000000dfcd0000,0x00000000e01f4010,0x00000000e04a0000)
  to   space 8128K, 0% used [0x00000000df4c0000,0x00000000df4c0000,0x00000000dfcb0000)
 ParOldGen       total 82432K, used 5851K [0x0000000087400000, 0x000000008c480000, 0x00000000d7c00000)
  object space 82432K, 7% used [0x0000000087400000,0x00000000879b6fc0,0x000000008c480000)
 PSPermGen       total 21248K, used 15924K [0x0000000082200000, 0x00000000836c0000, 0x0000000087400000)
  object space 21248K, 74% used [0x0000000082200000,0x000000008318d108,0x00000000836c0000)
}
Event: 9,089 GC heap before
{Heap before GC invocations=7 (full 1):
 PSYoungGen      total 131648K, used 5264K [0x00000000d7c00000, 0x00000000e04a0000, 0x0000000100000000)
  eden space 123648K, 0% used [0x00000000d7c00000,0x00000000d7c00000,0x00000000df4c0000)
  from space 8000K, 65% used [0x00000000dfcd0000,0x00000000e01f4010,0x00000000e04a0000)
  to   space 8128K, 0% used [0x00000000df4c0000,0x00000000df4c0000,0x00000000dfcb0000)
 ParOldGen       total 82432K, used 5851K [0x0000000087400000, 0x000000008c480000, 0x00000000d7c00000)
  object space 82432K, 7% used [0x0000000087400000,0x00000000879b6fc0,0x000000008c480000)
 PSPermGen       total 21248K, used 15924K [0x0000000082200000, 0x00000000836c0000, 0x0000000087400000)
  object space 21248K, 74% used [0x0000000082200000,0x000000008318d108,0x00000000836c0000)

